<?xml version="1.0" encoding="UTF-8"?>
<!-- Generated by org.testng.reporters.JUnitReportReporter -->
<testsuite hostname="DESKTOP-N2O8J3T" failures="0" tests="2" name="testng.AnnotationDemo" time="0.022" errors="0" timestamp="2024-09-11T11:32:58 IST" skipped="0">
  <testcase classname="testng.AnnotationDemo" name="second" time="0.006"/>
  <system-out/>
  <testcase classname="testng.AnnotationDemo" name="first" time="0.016"/>
  <system-out/>
</testsuite> <!-- testng.AnnotationDemo -->
