<?xml version="1.0" encoding="UTF-8"?>
<!-- Generated by org.testng.reporters.JUnitReportReporter -->
<testsuite hostname="DESKTOP-N2O8J3T" failures="0" tests="1" name="testng.Class3" time="0.006" errors="0" timestamp="2024-09-17T11:25:55 IST" skipped="0">
  <testcase classname="testng.Class3" name="method6" time="0.006"/>
  <system-out/>
</testsuite> <!-- testng.Class3 -->
