<?xml version="1.0" encoding="UTF-8"?>
<!-- Generated by org.testng.reporters.JUnitReportReporter -->
<testsuite hostname="DESKTOP-N2O8J3T" failures="0" tests="3" name="testng.BaseClass" time="36.535" errors="0" timestamp="2024-09-16T11:35:08 IST" skipped="0">
  <testcase classname="testng.BaseClass" name="openLink" time="8.329"/>
  <system-out/>
  <testcase classname="testng.BaseClass" name="openLink" time="9.840"/>
  <system-out/>
  <testcase classname="testng.BaseClass" name="openLink" time="18.366"/>
  <system-out/>
</testsuite> <!-- testng.BaseClass -->
