<?xml version="1.0" encoding="UTF-8"?>
<!-- Generated by org.testng.reporters.JUnitReportReporter -->
<testsuite hostname="DESKTOP-N2O8J3T" failures="0" tests="2" name="testng.FirstTest" time="0.013" errors="0" timestamp="2024-09-11T11:32:58 IST" skipped="0">
  <testcase classname="testng.FirstTest" name="secondClass2" time="0.006"/>
  <system-out/>
  <testcase classname="testng.FirstTest" name="firstClass2" time="0.007"/>
  <system-out/>
</testsuite> <!-- testng.FirstTest -->
