<?xml version="1.0" encoding="UTF-8"?>
<!-- Generated by org.testng.reporters.JUnitReportReporter -->
<testsuite hostname="DESKTOP-N2O8J3T" failures="0" tests="3" name="testLayer.LoginTest" time="9.360" errors="0" timestamp="2024-09-20T12:00:48 IST" skipped="0">
  <testcase classname="testLayer.LoginTest" name="checkTitle" time="0.074"/>
  <system-out/>
  <testcase classname="testLayer.LoginTest" name="checkUrl" time="0.037"/>
  <system-out/>
  <testcase classname="testLayer.LoginTest" name="loginCheck" time="9.249"/>
  <system-out/>
</testsuite> <!-- testLayer.LoginTest -->
