<?xml version="1.0" encoding="UTF-8"?>
<!-- Generated by org.testng.reporters.JUnitReportReporter -->
<testsuite hostname="DESKTOP-N2O8J3T" failures="0" tests="3" name="testng.ExtentReportsDemo" time="3.255" errors="0" timestamp="2024-09-18T12:17:26 IST" skipped="0">
  <testcase classname="testng.ExtentReportsDemo" name="test1" time="0.010"/>
  <system-out/>
  <testcase classname="testng.ExtentReportsDemo" name="login" time="3.236"/>
  <system-out/>
  <testcase classname="testng.ExtentReportsDemo" name="test2" time="0.009"/>
  <system-out/>
</testsuite> <!-- testng.ExtentReportsDemo -->
