<?xml version="1.0" encoding="UTF-8"?>
<!-- Generated by org.testng.reporters.JUnitReportReporter -->
<testsuite hostname="DESKTOP-N2O8J3T" failures="0" tests="1" name="testng.Class2" time="0.002" errors="0" timestamp="2024-09-17T11:25:54 IST" skipped="0">
  <testcase classname="testng.Class2" name="method4" time="0.002"/>
  <system-out/>
</testsuite> <!-- testng.Class2 -->
