<?xml version="1.0" encoding="UTF-8"?>
<!-- Generated by org.testng.reporters.JUnitReportReporter -->
<testsuite hostname="DESKTOP-N2O8J3T" failures="0" tests="3" name="testng.ExcelReadingDemo" time="21.609" errors="0" timestamp="2024-09-19T11:48:36 IST" skipped="0">
  <testcase classname="testng.ExcelReadingDemo" name="setUp" time="5.603"/>
  <system-out/>
  <testcase classname="testng.ExcelReadingDemo" name="setUp" time="7.524"/>
  <system-out/>
  <testcase classname="testng.ExcelReadingDemo" name="setUp" time="8.482"/>
  <system-out/>
</testsuite> <!-- testng.ExcelReadingDemo -->
