<?xml version="1.0" encoding="UTF-8"?>
<!-- Generated by org.testng.reporters.JUnitReportReporter -->
<testsuite hostname="DESKTOP-N2O8J3T" failures="0" tests="1" name="testng.AttributesDemo" time="0.032" errors="0" timestamp="2024-09-10T11:58:45 IST" skipped="0">
  <testcase classname="testng.AttributesDemo" name="login" time="0.032"/>
  <system-out/>
</testsuite> <!-- testng.AttributesDemo -->
