<?xml version="1.0" encoding="UTF-8"?>
<!-- Generated by org.testng.reporters.JUnitReportReporter -->
<testsuite hostname="DESKTOP-N2O8J3T" failures="0" tests="1" name="testng.Class1" time="0.023" errors="0" timestamp="2024-09-17T11:26:11 IST" skipped="0">
  <testcase classname="testng.Class1" name="method1" time="0.023"/>
  <system-out/>
</testsuite> <!-- testng.Class1 -->
