<?xml version="1.0" encoding="UTF-8"?>
<!-- Generated by org.testng.reporters.JUnitReportReporter -->
<testsuite hostname="DESKTOP-N2O8J3T" failures="0" tests="2" name="testng.DataProviderDemo" time="17.244" errors="0" timestamp="2024-09-12T11:56:05 IST" skipped="0">
  <testcase classname="testng.DataProviderDemo" name="login" time="9.833"/>
  <system-out/>
  <testcase classname="testng.DataProviderDemo" name="login" time="7.411"/>
  <system-out/>
</testsuite> <!-- testng.DataProviderDemo -->
