<?xml version="1.0" encoding="UTF-8"?>
<!-- Generated by org.testng.reporters.JUnitReportReporter -->
<testsuite hostname="DESKTOP-N2O8J3T" failures="0" tests="1" name="testng.FbConfigLogin" time="7.717" errors="0" timestamp="2024-09-13T11:43:58 IST" skipped="0">
  <testcase classname="testng.FbConfigLogin" name="setUp" time="7.717"/>
  <system-out/>
</testsuite> <!-- testng.FbConfigLogin -->
